<?xml version="1.0" encoding="UTF-8"?>
<!-- Generated by org.testng.reporters.JUnitReportReporter -->
<testsuite hostname="DESKTOP-ER7PL0P" failures="0" tests="3" name="com.reviewclass1.ParametarizationDemo" time="0.008" errors="0" timestamp="2020-01-16T12:02:52 EST" skipped="0">
  <testcase classname="com.reviewclass1.ParametarizationDemo" name="testOne" time="0.001"/>
  <testcase classname="com.reviewclass1.ParametarizationDemo" name="testOne" time="0.001"/>
  <testcase classname="com.reviewclass1.ParametarizationDemo" name="testOne" time="0.006"/>
</testsuite> <!-- com.reviewclass1.ParametarizationDemo -->
