<?xml version="1.0" encoding="UTF-8"?>
<!-- Generated by org.testng.reporters.JUnitReportReporter -->
<testsuite hostname="DESKTOP-ER7PL0P" failures="0" tests="5" name="com.reviewclass1.PriorityDemo" time="0.012" errors="0" timestamp="2020-01-15T20:39:15 EST" skipped="0">
  <testcase classname="com.reviewclass1.PriorityDemo" name="E" time="0.007"/>
  <testcase classname="com.reviewclass1.PriorityDemo" name="A" time="0.002"/>
  <testcase classname="com.reviewclass1.PriorityDemo" name="B" time="0.001"/>
  <testcase classname="com.reviewclass1.PriorityDemo" name="C" time="0.001"/>
  <testcase classname="com.reviewclass1.PriorityDemo" name="D" time="0.001"/>
</testsuite> <!-- com.reviewclass1.PriorityDemo -->
