<?xml version="1.0" encoding="UTF-8"?>
<!-- Generated by org.testng.reporters.JUnitReportReporter -->
<testsuite hostname="DESKTOP-ER7PL0P" failures="0" tests="3" name="com.class1.TestNGDemo" time="0.010" errors="0" timestamp="2020-01-14T11:27:21 EST" skipped="0">
  <testcase classname="com.class1.TestNGDemo" name="testThree" time="0.001"/>
  <testcase classname="com.class1.TestNGDemo" name="testOne" time="0.008"/>
  <testcase classname="com.class1.TestNGDemo" name="testTwo" time="0.001"/>
</testsuite> <!-- com.class1.TestNGDemo -->
