<?xml version="1.0" encoding="UTF-8"?>
<!-- Generated by org.testng.reporters.JUnitReportReporter -->
<testsuite hostname="DESKTOP-ER7PL0P" failures="0" tests="1" name="com.class3.AlwaysRun" time="0.004" errors="0" timestamp="2020-01-14T19:40:00 EST" skipped="0">
  <testcase classname="com.class3.AlwaysRun" name="testMethod" time="0.004"/>
</testsuite> <!-- com.class3.AlwaysRun -->
