<?xml version="1.0" encoding="UTF-8"?>
<!-- Generated by org.testng.reporters.JUnitReportReporter -->
<testsuite hostname="DESKTOP-ER7PL0P" failures="0" tests="2" name="com.class2.HWMy" time="16.753" errors="0" timestamp="2020-01-13T22:47:37 EST" skipped="0">
  <testcase classname="com.class2.HWMy" name="validationofMessage" time="8.035"/>
  <testcase classname="com.class2.HWMy" name="validationOfLogo" time="8.718"/>
</testsuite> <!-- com.class2.HWMy -->
