<?xml version="1.0" encoding="UTF-8"?>
<!-- Generated by org.testng.reporters.JUnitReportReporter -->
<testsuite hostname="DESKTOP-ER7PL0P" failures="0" tests="2" name="com.class2.HW" time="4.029" errors="0" timestamp="2020-01-13T21:53:54 EST" skipped="1">
  <testcase classname="com.class2.HW" name="validationOfMessage" time="4.029"/>
  <testcase classname="com.class2.HW" name="validationOfLogo">
    <skipped/>
  </testcase> <!-- validationOfLogo -->
</testsuite> <!-- com.class2.HW -->
