<?xml version="1.0" encoding="UTF-8"?>
<!-- Generated by org.testng.reporters.JUnitReportReporter -->
<testsuite hostname="DESKTOP-ER7PL0P" failures="0" tests="2" name="com.reviewclass1.AnnotationDemo" time="0.006" errors="0" timestamp="2020-01-15T20:27:09 EST" skipped="0">
  <testcase classname="com.reviewclass1.AnnotationDemo" name="testOne" time="0.005"/>
  <testcase classname="com.reviewclass1.AnnotationDemo" name="testThree" time="0.001"/>
</testsuite> <!-- com.reviewclass1.AnnotationDemo -->
