<?xml version="1.0" encoding="UTF-8"?>
<!-- Generated by org.testng.reporters.JUnitReportReporter -->
<testsuite hostname="DESKTOP-ER7PL0P" failures="0" tests="1" name="com.class2.task" time="9.863" errors="0" timestamp="2020-01-12T13:37:41 EST" skipped="0">
  <testcase classname="com.class2.task" name="LogoAndLogin" time="9.863"/>
</testsuite> <!-- com.class2.task -->
