<?xml version="1.0" encoding="UTF-8"?>
<!-- Generated by org.testng.reporters.JUnitReportReporter -->
<testsuite hostname="DESKTOP-ER7PL0P" failures="0" tests="2" name="com.class1.Task1" time="0.003" errors="0" timestamp="2020-01-12T14:45:16 EST" skipped="0">
  <testcase classname="com.class1.Task1" name="MyTest2" time="0.001"/>
  <testcase classname="com.class1.Task1" name="MyTest1" time="0.002"/>
</testsuite> <!-- com.class1.Task1 -->
